Target Part: A3PN250_VQFP100_STD
Report for cell tl755057.behavioral
  Core Cell usage:
              cell count     area count*area
              AND2     4      1.0        4.0
             AND2A     2      1.0        2.0
              AND3    16      1.0       16.0
               AO1     6      1.0        6.0
              AO1A     1      1.0        1.0
              AO1B     1      1.0        1.0
              AO1C     6      1.0        6.0
              AOI1     2      1.0        2.0
             AOI1A     4      1.0        4.0
             AOI1B     8      1.0        8.0
              AX1C     4      1.0        4.0
               GND     6      0.0        0.0
               INV     2      1.0        2.0
              NOR2     6      1.0        6.0
             NOR2A    42      1.0       42.0
             NOR2B    29      1.0       29.0
             NOR3A     7      1.0        7.0
             NOR3B     7      1.0        7.0
             NOR3C    27      1.0       27.0
               OA1     4      1.0        4.0
              OA1A     5      1.0        5.0
              OA1B     1      1.0        1.0
               OR2     3      1.0        3.0
              OR2A    13      1.0       13.0
               OR3    12      1.0       12.0
              OR3B     1      1.0        1.0
               VCC     6      0.0        0.0
             XNOR2     6      1.0        6.0
              XOR2    21      1.0       21.0


              DFN1    44      1.0       44.0
            DFN1C1    20      1.0       20.0
            DFN1E1     3      1.0        3.0
          DFN1E1C1    34      1.0       34.0
          DFN1E1P1     6      1.0        6.0
                   -----          ----------
             TOTAL   359               347.0


  IO Cell usage:
              cell count
             BIBUF     8
            CLKBUF     2
             INBUF     3
            OUTBUF    19
                   -----
             TOTAL    32


Core Cells         : 347 of 6144 (6%)
IO Cells           : 32

  RAM/ROM Usage Summary
Block Rams : 0 of 8 (0%)

