Target Part: A3PN250_VQFP100_STD
Report for cell tl755129.behavioral
  Core Cell usage:
              cell count     area count*area
              AND2     4      1.0        4.0
             AND2A     2      1.0        2.0
              AND3    16      1.0       16.0
               AO1    11      1.0       11.0
              AO1A     2      1.0        2.0
              AO1B     1      1.0        1.0
              AO1C     6      1.0        6.0
              AOI1     5      1.0        5.0
             AOI1A     4      1.0        4.0
             AOI1B     8      1.0        8.0
              AX1C     4      1.0        4.0
               GND     9      0.0        0.0
               INV     2      1.0        2.0
              MAJ3     3      1.0        3.0
               MX2     7      1.0        7.0
              MX2A     2      1.0        2.0
              NOR2    11      1.0       11.0
             NOR2A    36      1.0       36.0
             NOR2B    32      1.0       32.0
              NOR3     3      1.0        3.0
             NOR3A     6      1.0        6.0
             NOR3B     8      1.0        8.0
             NOR3C    45      1.0       45.0
               OA1     3      1.0        3.0
              OA1A     6      1.0        6.0
              OA1B     2      1.0        2.0
              OA1C     1      1.0        1.0
               OR2     6      1.0        6.0
              OR2A    14      1.0       14.0
               OR3    10      1.0       10.0
              OR3B     1      1.0        1.0
               VCC     9      0.0        0.0
               XA1     1      1.0        1.0
              XA1A     1      1.0        1.0
              XA1B     1      1.0        1.0
              XA1C     1      1.0        1.0
              XAI1     1      1.0        1.0
             XNOR2     6      1.0        6.0
             XNOR3     1      1.0        1.0
              XO1A     1      1.0        1.0
              XOR2    25      1.0       25.0
              XOR3     6      1.0        6.0
              ZOR3     2      1.0        2.0


              DFN1    42      1.0       42.0
            DFN1C1    21      1.0       21.0
            DFN1E0     7      1.0        7.0
            DFN1E1     6      1.0        6.0
          DFN1E1C1    35      1.0       35.0
          DFN1E1P1     9      1.0        9.0
          DLN1P1C1     4      2.0        8.0
                   -----          ----------
             TOTAL   449               435.0


  IO Cell usage:
              cell count
             BIBUF     8
            CLKBUF     2
             INBUF     7
            OUTBUF    20
                   -----
             TOTAL    37


Core Cells         : 435 of 6144 (7%)
IO Cells           : 37

  RAM/ROM Usage Summary
Block Rams : 0 of 8 (0%)

