FlashPro
Version: 11.9.1.0
Release: v11.9 SP1

Software Version: 11.9.1.0
Driver : 3.0.0 build 1
programmer '73223' : FlashPro4
Opened
'W:\W218000\W218234\INSTRUMENTS\8665\Electrical\Engineering\Source_Code\FPGA\i75_5129\designer\\
impl1\tl755129_fp\tl755129.pro'
PDB file
'W:\W218000\W218234\INSTRUMENTS\8665\Electrical\Engineering\Source_Code\FPGA\i75_5129\designer\\
impl1\tl755129.pdb' has been loaded successfully.
DESIGN : tl755129;  CHECKSUM : 86D5;  PDB_VERSION : 1.9
programmer '73223' : Scan Chain...
programmer '73223' : Scan Chain PASSED.
programmer '73223' : Executing action PROGRAM
programmer '73223' : EXPORT FSN[48] = 0168e834583d
programmer '73223' : Erase ...
programmer '73223' : Completed erase
programmer '73223' : EXPORT CHECKSUM[16] = 86d5
programmer '73223' : Programming FPGA Array
programmer '73223' : Verifying FPGA Array
programmer '73223' :         Verifying FPGA Array -- pass
programmer '73223' : Finished: Tue Apr 09 07:55:52 2019 (Elapsed time 00:00:29)
programmer '73223' : Executing action PROGRAM PASSED.

                        o - o - o - o - o - o

Warning: Project 'tl755129' has been modified. Do you want to save it? [NO]
Project closed.
