
Inferred memory devices in process 'dread'
	in routine get_data line 36 in
         file 'G:/instruments/6xxx/6800-6899/6856/fpga/74-2131/get_data.vhd'.
===============================================================================
|    Register Name    |   Type    | Width | Bus | MB | AR | AS | SR | SS | ST |
===============================================================================
|      data_reg       | Flip-flop |   8   |  N  | N  | ?  | ?  | ?  | ?  | ?  |
| data_tri_enable_reg | Flip-flop |   8   |  N  | N  | ?  | ?  | ?  | ?  | ?  |
===============================================================================

Inferred THREE-STATE control devices in process 'dread'
	in routine get_data
         line 36 in file
         'G:/instruments/6xxx/6800-6899/6856/fpga/74-2131/get_data.vhd'.
============================================================================
|     Three-state Device Name      |               Type               | MB |
============================================================================
|           data_tri<4>            |        Three-state Buffer        | N  |
|           data_tri<0>            |        Three-state Buffer        | N  |
|           data_tri<2>            |        Three-state Buffer        | N  |
|           data_tri<6>            |        Three-state Buffer        | N  |
|           data_tri<7>            |        Three-state Buffer        | N  |
|           data_tri<3>            |        Three-state Buffer        | N  |
|           data_tri<1>            |        Three-state Buffer        | N  |
|           data_tri<5>            |        Three-state Buffer        | N  |
|      data_tri_enable_reg<1>      |       Flip-flop (width 1)        | N  |
|      data_tri_enable_reg<5>      |       Flip-flop (width 1)        | N  |
|      data_tri_enable_reg<7>      |       Flip-flop (width 1)        | N  |
|      data_tri_enable_reg<3>      |       Flip-flop (width 1)        | N  |
|      data_tri_enable_reg<2>      |       Flip-flop (width 1)        | N  |
|      data_tri_enable_reg<6>      |       Flip-flop (width 1)        | N  |
|      data_tri_enable_reg<4>      |       Flip-flop (width 1)        | N  |
|      data_tri_enable_reg<0>      |       Flip-flop (width 1)        | N  |
============================================================================

data_reg<7>
-----------
    set/reset/toggle: none


data_reg<3>
-----------
    set/reset/toggle: none


data_reg<1>
-----------
    set/reset/toggle: none


data_reg<5>
-----------
    set/reset/toggle: none


data_reg<4>
-----------
    set/reset/toggle: none


data_reg<0>
-----------
    set/reset/toggle: none


data_reg<2>
-----------
    set/reset/toggle: none


data_reg<6>
-----------
    set/reset/toggle: none


data_tri_enable_reg<1>
----------------------
    Async-set: logic_reset


data_tri_enable_reg<5>
----------------------
    Async-set: logic_reset


data_tri_enable_reg<7>
----------------------
    Async-set: logic_reset


data_tri_enable_reg<3>
----------------------
    Async-set: logic_reset


data_tri_enable_reg<2>
----------------------
    Async-set: logic_reset


data_tri_enable_reg<6>
----------------------
    Async-set: logic_reset


data_tri_enable_reg<4>
----------------------
    Async-set: logic_reset


data_tri_enable_reg<0>
----------------------
    Async-set: logic_reset



Inferred memory devices in process 'dwrite'
	in routine get_data line 64 in
         file 'G:/instruments/6xxx/6800-6899/6856/fpga/74-2131/get_data.vhd'.
===============================================================================
|    Register Name    |   Type    | Width | Bus | MB | AR | AS | SR | SS | ST |
===============================================================================
|   ann1dimbyte_reg   | Flip-flop |   8   |  Y  | N  | N  | N  | N  | N  | N  |
|   ann2dimbyte_reg   | Flip-flop |   8   |  Y  | N  | N  | N  | N  | N  | N  |
|   ann3dimbyte_reg   | Flip-flop |   8   |  Y  | N  | N  | N  | N  | N  | N  |
|   ann4dimbyte_reg   | Flip-flop |   8   |  Y  | N  | N  | N  | N  | N  | N  |
|    flag_ctrl_reg    |   Latch   |   1   |  -  | -  | N  | N  | -  | -  | -  |
|   solenoid_1_reg    | Flip-flop |   1   |  -  | -  | N  | N  | N  | N  | N  |
|   solenoid_2_reg    | Flip-flop |   1   |  -  | -  | N  | N  | N  | N  | N  |
===============================================================================

ann1dimbyte_reg (width 8)
-------------------------
    set/reset/toggle: none


ann2dimbyte_reg (width 8)
-------------------------
    set/reset/toggle: none


ann3dimbyte_reg (width 8)
-------------------------
    set/reset/toggle: none


ann4dimbyte_reg (width 8)
-------------------------
    set/reset/toggle: none


flag_ctrl_reg
-------------
    reset/set: none


solenoid_1_reg
--------------
    set/reset/toggle: none


solenoid_2_reg
--------------
    set/reset/toggle: none


Warning: Latch inferred in design 'get_data' read with
	'hdlin_check_no_latch'. (HDL-307)
Writing to hnl file 'g:\instruments\6xxx\6800-6899\6856\fpga\74-2131\__express_prj/top_level_74_2131/workdirs/WORK/get_data.hnl'
